<?xml version="1.0" encoding="UTF-8"?>
<!-- Generated by org.testng.reporters.JUnitReportReporter -->
<testsuite hostname="MAHFUJ-1B5SPLO" failures="0" tests="4" name="june28Test.ExtendsPra1" time="30.122" errors="0" timestamp="2020-07-03T22:45:48 EDT" skipped="0">
  <testcase classname="june28Test.ExtendsPra1" name="appleMacTest" time="9.575"/>
  <system-out/>
  <testcase classname="june28Test.ExtendsPra1" name="appleiPadTest" time="6.841"/>
  <system-out/>
  <testcase classname="june28Test.ExtendsPra1" name="appleiPhoneTest" time="6.963"/>
  <system-out/>
  <testcase classname="june28Test.ExtendsPra1" name="appleSearchTest" time="6.743"/>
  <system-out/>
</testsuite> <!-- june28Test.ExtendsPra1 -->
