<?xml version="1.0" encoding="UTF-8"?>
<!-- Generated by org.testng.reporters.JUnitReportReporter -->
<testsuite hostname="MAHFUJ-1B5SPLO" failures="0" tests="3" name="june28Test.SkipDisableTryCatch" time="23.738" errors="0" timestamp="2020-06-29T16:25:19 EDT" skipped="1">
  <testcase classname="june28Test.SkipDisableTryCatch" name="SkipWatchTest" time="7.138">
    <skipped/>
  </testcase> <!-- SkipWatchTest -->
  <system-out/>
  <testcase classname="june28Test.SkipDisableTryCatch" name="distableTVTest" time="7.182"/>
  <system-out/>
  <testcase classname="june28Test.SkipDisableTryCatch" name="tryCatchWatchTest" time="9.418"/>
  <system-out/>
</testsuite> <!-- june28Test.SkipDisableTryCatch -->
