<?xml version="1.0" encoding="UTF-8"?>
<!-- Generated by org.testng.reporters.JUnitReportReporter -->
<testsuite hostname="MAHFUJ-1B5SPLO" failures="0" tests="7" name="june28Test.ExtendsPra" time="59.033" errors="0" timestamp="2020-06-29T15:14:54 EDT" skipped="1">
  <testcase classname="june28Test.ExtendsPra" name="appleMacTest" time="9.189"/>
  <system-out/>
  <testcase classname="june28Test.ExtendsPra" name="appleiPadTest" time="7.185"/>
  <system-out/>
  <testcase classname="june28Test.ExtendsPra" name="appleiPhoneTest" time="7.273"/>
  <system-out/>
  <testcase classname="june28Test.ExtendsPra" name="SkipWatchTest" time="7.915">
    <skipped/>
  </testcase> <!-- SkipWatchTest -->
  <system-out/>
  <testcase classname="june28Test.ExtendsPra" name="distableTVTest" time="10.857"/>
  <system-out/>
  <testcase classname="june28Test.ExtendsPra" name="tryCatchWatchTest" time="9.195"/>
  <system-out/>
  <testcase classname="june28Test.ExtendsPra" name="appleSupportTest" time="7.419"/>
  <system-out/>
</testsuite> <!-- june28Test.ExtendsPra -->
