<?xml version="1.0" encoding="UTF-8"?>
<!-- Generated by org.testng.reporters.JUnitReportReporter -->
<testsuite hostname="MAHFUJ-1B5SPLO" failures="0" tests="2" name="onceagain.OnceAgain" time="4.453" errors="0" timestamp="2020-06-23T23:10:40 EDT" skipped="0">
  <testcase classname="onceagain.OnceAgain" name="signupFBTest" time="4.093"/>
  <system-out/>
  <testcase classname="onceagain.OnceAgain" name="signinFBTest" time="0.360"/>
  <system-out/>
</testsuite> <!-- onceagain.OnceAgain -->
