<?xml version="1.0" encoding="UTF-8"?>
<!-- Generated by org.testng.reporters.JUnitReportReporter -->
<testsuite hostname="MAHFUJ-1B5SPLO" failures="0" tests="3" name="onceagain.OnceAgain" time="26.876" errors="0" timestamp="2020-06-28T23:04:55 EDT" skipped="0">
  <testcase classname="onceagain.OnceAgain" name="appleMacTest" time="8.607"/>
  <system-out/>
  <testcase classname="onceagain.OnceAgain" name="appleiPadTest" time="9.252"/>
  <system-out/>
  <testcase classname="onceagain.OnceAgain" name="appleiPhoneTest" time="9.017"/>
  <system-out/>
</testsuite> <!-- onceagain.OnceAgain -->
