<?xml version="1.0" encoding="UTF-8"?>
<!-- Generated by org.testng.reporters.JUnitReportReporter -->
<testsuite hostname="MAHFUJ-1B5SPLO" failures="0" tests="3" name="june28Test.SkipDisableTryCatch" time="23.890" errors="0" timestamp="2020-07-10T20:04:57 EDT" skipped="1">
  <testcase classname="june28Test.SkipDisableTryCatch" name="SkipWatchTest" time="6.067">
    <skipped/>
  </testcase> <!-- SkipWatchTest -->
  <system-out/>
  <testcase classname="june28Test.SkipDisableTryCatch" name="distableTVTest" time="6.348"/>
  <system-out/>
  <testcase classname="june28Test.SkipDisableTryCatch" name="tryCatchWatchTest" time="11.475"/>
  <system-out/>
</testsuite> <!-- june28Test.SkipDisableTryCatch -->
