<?xml version="1.0" encoding="UTF-8"?>
<!-- Generated by org.testng.reporters.JUnitReportReporter -->
<testsuite hostname="MAHFUJ-1B5SPLO" failures="0" tests="4" name="june28Test.ExtendsPra1" time="36.234" errors="0" timestamp="2020-06-29T15:46:59 EDT" skipped="0">
  <testcase classname="june28Test.ExtendsPra1" name="appleMacTest" time="7.917"/>
  <system-out/>
  <testcase classname="june28Test.ExtendsPra1" name="appleiPadTest" time="11.303"/>
  <system-out/>
  <testcase classname="june28Test.ExtendsPra1" name="appleiPhoneTest" time="8.601"/>
  <system-out/>
  <testcase classname="june28Test.ExtendsPra1" name="appleSearchTest" time="8.413"/>
  <system-out/>
</testsuite> <!-- june28Test.ExtendsPra1 -->
